# JRE version: OpenJDK Runtime Environment (11.0.8+10) (build 11.0.8+10-b944.6842174)
# Java VM: OpenJDK 64-Bit Server VM (11.0.8+10-b944.6842174, mixed mode, tiered, compressed oops, g1 gc, windows-amd64)
Heap:
 garbage-first heap   total 191488K, used 78078K [0x0000000080000000, 0x0000000100000000)
  region size 1024K, 1 young (1024K), 1 survivors (1024K)
 Metaspace       used 77273K, capacity 79075K, committed 79228K, reserved 1118208K
  class space    used 10031K, capacity 10665K, committed 10752K, reserved 1048576K
GC Heap History (20 events):
Event: 85.437 GC heap after
{Heap after GC invocations=50 (full 0):
 garbage-first heap   total 76800K, used 50479K [0x0000000080000000, 0x0000000100000000)
  region size 1024K, 2 young (2048K), 2 survivors (2048K)
 Metaspace       used 66533K, capacity 68125K, committed 68220K, reserved 1107968K
  class space    used 8649K, capacity 9193K, committed 9216K, reserved 1048576K
}
Event: 85.940 GC heap before
{Heap before GC invocations=51 (full 0):
 garbage-first heap   total 76800K, used 60719K [0x0000000080000000, 0x0000000100000000)
  region size 1024K, 12 young (12288K), 2 survivors (2048K)
 Metaspace       used 67178K, capacity 68823K, committed 68860K, reserved 1110016K
  class space    used 8751K, capacity 9332K, committed 9344K, reserved 1048576K
}
Event: 85.950 GC heap after
{Heap after GC invocations=52 (full 0):
 garbage-first heap   total 76800K, used 51095K [0x0000000080000000, 0x0000000100000000)
  region size 1024K, 2 young (2048K), 2 survivors (2048K)
 Metaspace       used 67178K, capacity 68823K, committed 68860K, reserved 1110016K
  class space    used 8751K, capacity 9332K, committed 9344K, reserved 1048576K
}
Event: 86.378 GC heap before
{Heap before GC invocations=52 (full 0):
 garbage-first heap   total 76800K, used 61335K [0x0000000080000000, 0x0000000100000000)
  region size 1024K, 12 young (12288K), 2 survivors (2048K)
 Metaspace       used 68163K, capacity 69851K, committed 70140K, reserved 1110016K
  class space    used 8895K, capacity 9484K, committed 9600K, reserved 1048576K
}
Event: 86.389 GC heap after
{Heap after GC invocations=53 (full 0):
 garbage-first heap   total 93184K, used 51957K [0x0000000080000000, 0x0000000100000000)
  region size 1024K, 2 young (2048K), 2 survivors (2048K)
 Metaspace       used 68163K, capacity 69851K, committed 70140K, reserved 1110016K
  class space    used 8895K, capacity 9484K, committed 9600K, reserved 1048576K
}
Event: 87.163 GC heap before
{Heap before GC invocations=54 (full 0):
 garbage-first heap   total 93184K, used 69365K [0x0000000080000000, 0x0000000100000000)
  region size 1024K, 19 young (19456K), 2 survivors (2048K)
 Metaspace       used 69905K, capacity 71546K, committed 71676K, reserved 1112064K
  class space    used 9180K, capacity 9786K, committed 9856K, reserved 1048576K
}
Event: 87.173 GC heap after
{Heap after GC invocations=55 (full 0):
 garbage-first heap   total 93184K, used 52687K [0x0000000080000000, 0x0000000100000000)
  region size 1024K, 3 young (3072K), 3 survivors (3072K)
 Metaspace       used 69905K, capacity 71546K, committed 71676K, reserved 1112064K
  class space    used 9180K, capacity 9786K, committed 9856K, reserved 1048576K
}
Event: 88.320 GC heap before
{Heap before GC invocations=55 (full 0):
 garbage-first heap   total 93184K, used 70095K [0x0000000080000000, 0x0000000100000000)
  region size 1024K, 20 young (20480K), 3 survivors (3072K)
 Metaspace       used 72330K, capacity 74063K, committed 74236K, reserved 1114112K
  class space    used 9467K, capacity 10066K, committed 10112K, reserved 1048576K
}
Event: 88.334 GC heap after
{Heap after GC invocations=56 (full 0):
 garbage-first heap   total 93184K, used 53903K [0x0000000080000000, 0x0000000100000000)
  region size 1024K, 3 young (3072K), 3 survivors (3072K)
 Metaspace       used 72330K, capacity 74063K, committed 74236K, reserved 1114112K
  class space    used 9467K, capacity 10066K, committed 10112K, reserved 1048576K
}
Event: 89.604 GC heap before
{Heap before GC invocations=57 (full 0):
 garbage-first heap   total 93184K, used 71311K [0x0000000080000000, 0x0000000100000000)
  region size 1024K, 21 young (21504K), 3 survivors (3072K)
 Metaspace       used 74965K, capacity 76763K, committed 76924K, reserved 1116160K
  class space    used 9800K, capacity 10437K, committed 10496K, reserved 1048576K
}
Event: 89.654 GC heap after
{Heap after GC invocations=58 (full 0):
 garbage-first heap   total 93184K, used 55203K [0x0000000080000000, 0x0000000100000000)
  region size 1024K, 3 young (3072K), 3 survivors (3072K)
 Metaspace       used 74965K, capacity 76763K, committed 76924K, reserved 1116160K
  class space    used 9800K, capacity 10437K, committed 10496K, reserved 1048576K
}
Event: 90.525 GC heap before
{Heap before GC invocations=58 (full 0):
 garbage-first heap   total 93184K, used 72611K [0x0000000080000000, 0x0000000100000000)
  region size 1024K, 21 young (21504K), 3 survivors (3072K)
 Metaspace       used 75575K, capacity 77450K, committed 77564K, reserved 1116160K
  class space    used 9877K, capacity 10555K, committed 10624K, reserved 1048576K
}
Event: 90.544 GC heap after
{Heap after GC invocations=59 (full 0):
 garbage-first heap   total 124928K, used 56346K [0x0000000080000000, 0x0000000100000000)
  region size 1024K, 3 young (3072K), 3 survivors (3072K)
 Metaspace       used 75575K, capacity 77450K, committed 77564K, reserved 1116160K
  class space    used 9877K, capacity 10555K, committed 10624K, reserved 1048576K
}
Event: 93.113 GC heap before
{Heap before GC invocations=60 (full 0):
 garbage-first heap   total 124928K, used 88090K [0x0000000080000000, 0x0000000100000000)
  region size 1024K, 35 young (35840K), 3 survivors (3072K)
 Metaspace       used 75924K, capacity 77805K, committed 78076K, reserved 1116160K
  class space    used 9888K, capacity 10564K, committed 10624K, reserved 1048576K
}
Event: 93.155 GC heap after
{Heap after GC invocations=61 (full 0):
 garbage-first heap   total 124928K, used 58274K [0x0000000080000000, 0x0000000100000000)
  region size 1024K, 5 young (5120K), 5 survivors (5120K)
 Metaspace       used 75924K, capacity 77805K, committed 78076K, reserved 1116160K
  class space    used 9888K, capacity 10564K, committed 10624K, reserved 1048576K
}
Event: 99.504 GC heap before
{Heap before GC invocations=61 (full 0):
 garbage-first heap   total 124928K, used 95138K [0x0000000080000000, 0x0000000100000000)
  region size 1024K, 39 young (39936K), 5 survivors (5120K)
 Metaspace       used 77297K, capacity 79157K, committed 79228K, reserved 1118208K
  class space    used 10044K, capacity 10693K, committed 10752K, reserved 1048576K
}
Event: 99.679 GC heap after
{Heap after GC invocations=62 (full 0):
 garbage-first heap   total 124928K, used 73325K [0x0000000080000000, 0x0000000100000000)
  region size 1024K, 5 young (5120K), 5 survivors (5120K)
 Metaspace       used 77297K, capacity 79157K, committed 79228K, reserved 1118208K
  class space    used 10044K, capacity 10693K, committed 10752K, reserved 1048576K
}
Event: 99.775 GC heap before
{Heap before GC invocations=62 (full 0):
 garbage-first heap   total 124928K, used 73325K [0x0000000080000000, 0x0000000100000000)
  region size 1024K, 7 young (7168K), 5 survivors (5120K)
 Metaspace       used 77313K, capacity 79157K, committed 79228K, reserved 1118208K
  class space    used 10045K, capacity 10693K, committed 10752K, reserved 1048576K
}
Event: 99.801 GC heap after
{Heap after GC invocations=63 (full 0):
 garbage-first heap   total 124928K, used 76013K [0x0000000080000000, 0x0000000100000000)
  region size 1024K, 2 young (2048K), 2 survivors (2048K)
 Metaspace       used 77313K, capacity 79157K, committed 79228K, reserved 1118208K
  class space    used 10045K, capacity 10693K, committed 10752K, reserved 1048576K
}
Event: 102.229 GC heap before
{Heap before GC invocations=64 (full 0):
 garbage-first heap   total 124928K, used 89325K [0x0000000080000000, 0x0000000100000000)
  region size 1024K, 4 young (4096K), 2 survivors (2048K)
 Metaspace       used 77273K, capacity 79075K, committed 79228K, reserved 1118208K
  class space    used 10031K, capacity 10665K, committed 10752K, reserved 1048576K
}

