# JRE version: OpenJDK Runtime Environment (11.0.8+10) (build 11.0.8+10-b944.6842174)
# Java VM: OpenJDK 64-Bit Server VM (11.0.8+10-b944.6842174, mixed mode, tiered, compressed oops, g1 gc, windows-amd64)
Heap:
 garbage-first heap   total 316416K, used 203409K [0x0000000080000000, 0x0000000100000000)
  region size 1024K, 61 young (62464K), 4 survivors (4096K)
 Metaspace       used 106151K, capacity 108810K, committed 109260K, reserved 1144832K
  class space    used 13595K, capacity 14586K, committed 14796K, reserved 1048576K
GC Heap History (20 events):
Event: 47.064 GC heap before
{Heap before GC invocations=48 (full 0):
 garbage-first heap   total 179200K, used 131584K [0x0000000080000000, 0x0000000100000000)
  region size 1024K, 21 young (21504K), 3 survivors (3072K)
 Metaspace       used 97520K, capacity 100244K, committed 100428K, reserved 1136640K
  class space    used 12805K, capacity 13833K, committed 13900K, reserved 1048576K
}
Event: 47.130 GC heap after
{Heap after GC invocations=49 (full 0):
 garbage-first heap   total 263168K, used 122112K [0x0000000080000000, 0x0000000100000000)
  region size 1024K, 3 young (3072K), 3 survivors (3072K)
 Metaspace       used 97520K, capacity 100244K, committed 100428K, reserved 1136640K
  class space    used 12805K, capacity 13833K, committed 13900K, reserved 1048576K
}
Event: 49.235 GC heap before
{Heap before GC invocations=50 (full 0):
 garbage-first heap   total 263168K, used 137472K [0x0000000080000000, 0x0000000100000000)
  region size 1024K, 19 young (19456K), 3 survivors (3072K)
 Metaspace       used 97311K, capacity 99850K, committed 100428K, reserved 1136640K
  class space    used 12697K, capacity 13658K, committed 13900K, reserved 1048576K
}
Event: 49.306 GC heap after
{Heap after GC invocations=51 (full 0):
 garbage-first heap   total 263168K, used 127434K [0x0000000080000000, 0x0000000100000000)
  region size 1024K, 3 young (3072K), 3 survivors (3072K)
 Metaspace       used 97311K, capacity 99850K, committed 100428K, reserved 1136640K
  class space    used 12697K, capacity 13658K, committed 13900K, reserved 1048576K
}
Event: 49.705 GC heap before
{Heap before GC invocations=51 (full 0):
 garbage-first heap   total 263168K, used 144842K [0x0000000080000000, 0x0000000100000000)
  region size 1024K, 22 young (22528K), 3 survivors (3072K)
 Metaspace       used 97326K, capacity 99852K, committed 100428K, reserved 1136640K
  class space    used 12697K, capacity 13658K, committed 13900K, reserved 1048576K
}
Event: 49.768 GC heap after
{Heap after GC invocations=52 (full 0):
 garbage-first heap   total 263168K, used 133120K [0x0000000080000000, 0x0000000100000000)
  region size 1024K, 3 young (3072K), 3 survivors (3072K)
 Metaspace       used 97326K, capacity 99852K, committed 100428K, reserved 1136640K
  class space    used 12697K, capacity 13658K, committed 13900K, reserved 1048576K
}
Event: 51.147 GC heap before
{Heap before GC invocations=53 (full 0):
 garbage-first heap   total 263168K, used 141312K [0x0000000080000000, 0x0000000100000000)
  region size 1024K, 14 young (14336K), 3 survivors (3072K)
 Metaspace       used 97384K, capacity 99887K, committed 100684K, reserved 1136640K
  class space    used 12688K, capacity 13642K, committed 13900K, reserved 1048576K
}
Event: 51.175 GC heap after
{Heap after GC invocations=54 (full 0):
 garbage-first heap   total 263168K, used 135070K [0x0000000080000000, 0x0000000100000000)
  region size 1024K, 3 young (3072K), 3 survivors (3072K)
 Metaspace       used 97384K, capacity 99887K, committed 100684K, reserved 1136640K
  class space    used 12688K, capacity 13642K, committed 13900K, reserved 1048576K
}
Event: 52.108 GC heap before
{Heap before GC invocations=55 (full 0):
 garbage-first heap   total 263168K, used 160670K [0x0000000080000000, 0x0000000100000000)
  region size 1024K, 28 young (28672K), 3 survivors (3072K)
 Metaspace       used 97461K, capacity 99982K, committed 100684K, reserved 1136640K
  class space    used 12693K, capacity 13650K, committed 13900K, reserved 1048576K
}
Event: 52.120 GC heap after
{Heap after GC invocations=56 (full 0):
 garbage-first heap   total 263168K, used 139200K [0x0000000080000000, 0x0000000100000000)
  region size 1024K, 4 young (4096K), 4 survivors (4096K)
 Metaspace       used 97461K, capacity 99982K, committed 100684K, reserved 1136640K
  class space    used 12693K, capacity 13650K, committed 13900K, reserved 1048576K
}
Event: 52.154 GC heap before
{Heap before GC invocations=56 (full 0):
 garbage-first heap   total 263168K, used 147392K [0x0000000080000000, 0x0000000100000000)
  region size 1024K, 12 young (12288K), 4 survivors (4096K)
 Metaspace       used 97468K, capacity 99983K, committed 100684K, reserved 1136640K
  class space    used 12693K, capacity 13650K, committed 13900K, reserved 1048576K
}
Event: 52.167 GC heap after
{Heap after GC invocations=57 (full 0):
 garbage-first heap   total 263168K, used 137793K [0x0000000080000000, 0x0000000100000000)
  region size 1024K, 2 young (2048K), 2 survivors (2048K)
 Metaspace       used 97468K, capacity 99983K, committed 100684K, reserved 1136640K
  class space    used 12693K, capacity 13650K, committed 13900K, reserved 1048576K
}
Event: 52.199 GC heap before
{Heap before GC invocations=57 (full 0):
 garbage-first heap   total 263168K, used 153153K [0x0000000080000000, 0x0000000100000000)
  region size 1024K, 19 young (19456K), 2 survivors (2048K)
 Metaspace       used 97468K, capacity 99983K, committed 100684K, reserved 1136640K
  class space    used 12693K, capacity 13650K, committed 13900K, reserved 1048576K
}
Event: 52.208 GC heap after
{Heap after GC invocations=58 (full 0):
 garbage-first heap   total 263168K, used 141066K [0x0000000080000000, 0x0000000100000000)
  region size 1024K, 5 young (5120K), 5 survivors (5120K)
 Metaspace       used 97468K, capacity 99983K, committed 100684K, reserved 1136640K
  class space    used 12693K, capacity 13650K, committed 13900K, reserved 1048576K
}
Event: 53.732 GC heap before
{Heap before GC invocations=59 (full 0):
 garbage-first heap   total 263168K, used 188170K [0x0000000080000000, 0x0000000100000000)
  region size 1024K, 45 young (46080K), 5 survivors (5120K)
 Metaspace       used 97893K, capacity 100384K, committed 100940K, reserved 1136640K
  class space    used 12720K, capacity 13659K, committed 13900K, reserved 1048576K
}
Event: 53.759 GC heap after
{Heap after GC invocations=60 (full 0):
 garbage-first heap   total 263168K, used 142615K [0x0000000080000000, 0x0000000100000000)
  region size 1024K, 1 young (1024K), 1 survivors (1024K)
 Metaspace       used 97893K, capacity 100384K, committed 100940K, reserved 1136640K
  class space    used 12720K, capacity 13659K, committed 13900K, reserved 1048576K
}
Event: 54.144 GC heap before
{Heap before GC invocations=60 (full 0):
 garbage-first heap   total 263168K, used 152855K [0x0000000080000000, 0x0000000100000000)
  region size 1024K, 12 young (12288K), 1 survivors (1024K)
 Metaspace       used 98805K, capacity 101280K, committed 101836K, reserved 1136640K
  class space    used 12844K, capacity 13787K, committed 14028K, reserved 1048576K
}
Event: 54.159 GC heap after
{Heap after GC invocations=61 (full 0):
 garbage-first heap   total 316416K, used 142324K [0x0000000080000000, 0x0000000100000000)
  region size 1024K, 1 young (1024K), 1 survivors (1024K)
 Metaspace       used 98805K, capacity 101280K, committed 101836K, reserved 1136640K
  class space    used 12844K, capacity 13787K, committed 14028K, reserved 1048576K
}
Event: 56.390 GC heap before
{Heap before GC invocations=61 (full 0):
 garbage-first heap   total 316416K, used 187380K [0x0000000080000000, 0x0000000100000000)
  region size 1024K, 47 young (48128K), 1 survivors (1024K)
 Metaspace       used 102540K, capacity 105110K, committed 105676K, reserved 1140736K
  class space    used 13313K, capacity 14290K, committed 14540K, reserved 1048576K
}
Event: 56.431 GC heap after
{Heap after GC invocations=62 (full 0):
 garbage-first heap   total 316416K, used 145041K [0x0000000080000000, 0x0000000100000000)
  region size 1024K, 4 young (4096K), 4 survivors (4096K)
 Metaspace       used 102540K, capacity 105110K, committed 105676K, reserved 1140736K
  class space    used 13313K, capacity 14290K, committed 14540K, reserved 1048576K
}

