# JRE version: OpenJDK Runtime Environment (11.0.8+10) (build 11.0.8+10-b944.6842174)
# Java VM: OpenJDK 64-Bit Server VM (11.0.8+10-b944.6842174, mixed mode, tiered, compressed oops, g1 gc, windows-amd64)
Heap:
 garbage-first heap   total 92160K, used 39871K [0x0000000080000000, 0x0000000100000000)
  region size 1024K, 3 young (3072K), 3 survivors (3072K)
 Metaspace       used 55962K, capacity 57250K, committed 57600K, reserved 1099776K
  class space    used 7107K, capacity 7585K, committed 7680K, reserved 1048576K
GC Heap History (20 events):
Event: 9.782 GC heap after
{Heap after GC invocations=11 (full 0):
 garbage-first heap   total 63488K, used 21594K [0x0000000080000000, 0x0000000100000000)
  region size 1024K, 4 young (4096K), 4 survivors (4096K)
 Metaspace       used 34897K, capacity 35638K, committed 35840K, reserved 1081344K
  class space    used 4533K, capacity 4817K, committed 4864K, reserved 1048576K
}
Event: 9.824 GC heap before
{Heap before GC invocations=11 (full 0):
 garbage-first heap   total 63488K, used 22618K [0x0000000080000000, 0x0000000100000000)
  region size 1024K, 6 young (6144K), 4 survivors (4096K)
 Metaspace       used 35096K, capacity 35780K, committed 35840K, reserved 1081344K
  class space    used 4557K, capacity 4822K, committed 4864K, reserved 1048576K
}
Event: 9.838 GC heap after
{Heap after GC invocations=12 (full 0):
 garbage-first heap   total 63488K, used 22213K [0x0000000080000000, 0x0000000100000000)
  region size 1024K, 1 young (1024K), 1 survivors (1024K)
 Metaspace       used 35096K, capacity 35780K, committed 35840K, reserved 1081344K
  class space    used 4557K, capacity 4822K, committed 4864K, reserved 1048576K
}
Event: 10.272 GC heap before
{Heap before GC invocations=13 (full 0):
 garbage-first heap   total 63488K, used 40645K [0x0000000080000000, 0x0000000100000000)
  region size 1024K, 17 young (17408K), 1 survivors (1024K)
 Metaspace       used 37023K, capacity 37799K, committed 38144K, reserved 1083392K
  class space    used 4724K, capacity 5024K, committed 5120K, reserved 1048576K
}
Event: 10.277 GC heap after
{Heap after GC invocations=14 (full 0):
 garbage-first heap   total 76800K, used 22824K [0x0000000080000000, 0x0000000100000000)
  region size 1024K, 2 young (2048K), 2 survivors (2048K)
 Metaspace       used 37023K, capacity 37799K, committed 38144K, reserved 1083392K
  class space    used 4724K, capacity 5024K, committed 5120K, reserved 1048576K
}
Event: 11.291 GC heap before
{Heap before GC invocations=14 (full 0):
 garbage-first heap   total 76800K, used 46376K [0x0000000080000000, 0x0000000100000000)
  region size 1024K, 25 young (25600K), 2 survivors (2048K)
 Metaspace       used 39830K, capacity 40629K, committed 40704K, reserved 1085440K
  class space    used 5047K, capacity 5362K, committed 5376K, reserved 1048576K
}
Event: 11.297 GC heap after
{Heap after GC invocations=15 (full 0):
 garbage-first heap   total 76800K, used 23964K [0x0000000080000000, 0x0000000100000000)
  region size 1024K, 3 young (3072K), 3 survivors (3072K)
 Metaspace       used 39830K, capacity 40629K, committed 40704K, reserved 1085440K
  class space    used 5047K, capacity 5362K, committed 5376K, reserved 1048576K
}
Event: 11.757 GC heap before
{Heap before GC invocations=15 (full 0):
 garbage-first heap   total 76800K, used 48540K [0x0000000080000000, 0x0000000100000000)
  region size 1024K, 27 young (27648K), 3 survivors (3072K)
 Metaspace       used 41363K, capacity 42258K, committed 42496K, reserved 1085440K
  class space    used 5292K, capacity 5610K, committed 5632K, reserved 1048576K
}
Event: 11.763 GC heap after
{Heap after GC invocations=16 (full 0):
 garbage-first heap   total 76800K, used 25099K [0x0000000080000000, 0x0000000100000000)
  region size 1024K, 3 young (3072K), 3 survivors (3072K)
 Metaspace       used 41363K, capacity 42258K, committed 42496K, reserved 1085440K
  class space    used 5292K, capacity 5610K, committed 5632K, reserved 1048576K
}
Event: 12.512 GC heap before
{Heap before GC invocations=16 (full 0):
 garbage-first heap   total 76800K, used 50699K [0x0000000080000000, 0x0000000100000000)
  region size 1024K, 28 young (28672K), 3 survivors (3072K)
 Metaspace       used 43605K, capacity 44559K, committed 44672K, reserved 1087488K
  class space    used 5583K, capacity 5911K, committed 6016K, reserved 1048576K
}
Event: 12.521 GC heap after
{Heap after GC invocations=17 (full 0):
 garbage-first heap   total 76800K, used 27006K [0x0000000080000000, 0x0000000100000000)
  region size 1024K, 3 young (3072K), 3 survivors (3072K)
 Metaspace       used 43605K, capacity 44559K, committed 44672K, reserved 1087488K
  class space    used 5583K, capacity 5911K, committed 6016K, reserved 1048576K
}
Event: 13.124 GC heap before
{Heap before GC invocations=17 (full 0):
 garbage-first heap   total 76800K, used 53630K [0x0000000080000000, 0x0000000100000000)
  region size 1024K, 29 young (29696K), 3 survivors (3072K)
 Metaspace       used 44362K, capacity 45430K, committed 45568K, reserved 1089536K
  class space    used 5673K, capacity 6049K, committed 6144K, reserved 1048576K
}
Event: 13.134 GC heap after
{Heap after GC invocations=18 (full 0):
 garbage-first heap   total 76800K, used 30638K [0x0000000080000000, 0x0000000100000000)
  region size 1024K, 4 young (4096K), 4 survivors (4096K)
 Metaspace       used 44362K, capacity 45430K, committed 45568K, reserved 1089536K
  class space    used 5673K, capacity 6049K, committed 6144K, reserved 1048576K
}
Event: 14.143 GC heap before
{Heap before GC invocations=18 (full 0):
 garbage-first heap   total 76800K, used 57262K [0x0000000080000000, 0x0000000100000000)
  region size 1024K, 29 young (29696K), 4 survivors (4096K)
 Metaspace       used 46437K, capacity 47619K, committed 47872K, reserved 1091584K
  class space    used 5954K, capacity 6362K, committed 6400K, reserved 1048576K
}
Event: 14.163 GC heap after
{Heap after GC invocations=19 (full 0):
 garbage-first heap   total 76800K, used 37191K [0x0000000080000000, 0x0000000100000000)
  region size 1024K, 4 young (4096K), 4 survivors (4096K)
 Metaspace       used 46437K, capacity 47619K, committed 47872K, reserved 1091584K
  class space    used 5954K, capacity 6362K, committed 6400K, reserved 1048576K
}
Event: 16.188 GC heap before
{Heap before GC invocations=19 (full 0):
 garbage-first heap   total 76800K, used 57671K [0x0000000080000000, 0x0000000100000000)
  region size 1024K, 24 young (24576K), 4 survivors (4096K)
 Metaspace       used 49773K, capacity 50926K, committed 51072K, reserved 1093632K
  class space    used 6326K, capacity 6722K, committed 6784K, reserved 1048576K
}
Event: 16.195 GC heap after
{Heap after GC invocations=20 (full 0):
 garbage-first heap   total 76800K, used 37809K [0x0000000080000000, 0x0000000100000000)
  region size 1024K, 1 young (1024K), 1 survivors (1024K)
 Metaspace       used 49773K, capacity 50926K, committed 51072K, reserved 1093632K
  class space    used 6326K, capacity 6722K, committed 6784K, reserved 1048576K
}
Event: 18.074 GC heap before
{Heap before GC invocations=20 (full 0):
 garbage-first heap   total 76800K, used 58289K [0x0000000080000000, 0x0000000100000000)
  region size 1024K, 21 young (21504K), 1 survivors (1024K)
 Metaspace       used 52691K, capacity 53935K, committed 54016K, reserved 1095680K
  class space    used 6679K, capacity 7102K, committed 7168K, reserved 1048576K
}
Event: 18.085 GC heap after
{Heap after GC invocations=21 (full 0):
 garbage-first heap   total 76800K, used 38411K [0x0000000080000000, 0x0000000100000000)
  region size 1024K, 2 young (2048K), 2 survivors (2048K)
 Metaspace       used 52691K, capacity 53935K, committed 54016K, reserved 1095680K
  class space    used 6679K, capacity 7102K, committed 7168K, reserved 1048576K
}
Event: 19.860 GC heap before
{Heap before GC invocations=22 (full 0):
 garbage-first heap   total 76800K, used 58891K [0x0000000080000000, 0x0000000100000000)
  region size 1024K, 22 young (22528K), 2 survivors (2048K)
 Metaspace       used 55962K, capacity 57250K, committed 57600K, reserved 1099776K
  class space    used 7107K, capacity 7585K, committed 7680K, reserved 1048576K
}

