# JRE version: OpenJDK Runtime Environment (11.0.8+10) (build 11.0.8+10-b944.6842174)
# Java VM: OpenJDK 64-Bit Server VM (11.0.8+10-b944.6842174, mixed mode, tiered, compressed oops, g1 gc, windows-amd64)
Heap:
 garbage-first heap   total 94208K, used 46061K [0x0000000080000000, 0x0000000100000000)
  region size 1024K, 1 young (1024K), 1 survivors (1024K)
 Metaspace       used 61059K, capacity 62543K, committed 62796K, reserved 1103872K
  class space    used 7769K, capacity 8290K, committed 8320K, reserved 1048576K
GC Heap History (20 events):
Event: 16.268 GC heap after
{Heap after GC invocations=20 (full 0):
 garbage-first heap   total 63488K, used 37270K [0x0000000080000000, 0x0000000100000000)
  region size 1024K, 1 young (1024K), 1 survivors (1024K)
 Metaspace       used 47333K, capacity 48444K, committed 48716K, reserved 1091584K
  class space    used 6026K, capacity 6424K, committed 6528K, reserved 1048576K
}
Event: 16.561 GC heap before
{Heap before GC invocations=20 (full 0):
 garbage-first heap   total 63488K, used 49558K [0x0000000080000000, 0x0000000100000000)
  region size 1024K, 13 young (13312K), 1 survivors (1024K)
 Metaspace       used 49282K, capacity 50382K, committed 50508K, reserved 1093632K
  class space    used 6274K, capacity 6687K, committed 6784K, reserved 1048576K
}
Event: 16.563 GC heap after
{Heap after GC invocations=21 (full 0):
 garbage-first heap   total 63488K, used 37533K [0x0000000080000000, 0x0000000100000000)
  region size 1024K, 1 young (1024K), 1 survivors (1024K)
 Metaspace       used 49282K, capacity 50382K, committed 50508K, reserved 1093632K
  class space    used 6274K, capacity 6687K, committed 6784K, reserved 1048576K
}
Event: 17.182 GC heap before
{Heap before GC invocations=22 (full 0):
 garbage-first heap   total 63488K, used 50845K [0x0000000080000000, 0x0000000100000000)
  region size 1024K, 14 young (14336K), 1 survivors (1024K)
 Metaspace       used 51025K, capacity 52181K, committed 52556K, reserved 1095680K
  class space    used 6507K, capacity 6906K, committed 7040K, reserved 1048576K
}
Event: 17.186 GC heap after
{Heap after GC invocations=23 (full 0):
 garbage-first heap   total 63488K, used 38308K [0x0000000080000000, 0x0000000100000000)
  region size 1024K, 2 young (2048K), 2 survivors (2048K)
 Metaspace       used 51025K, capacity 52181K, committed 52556K, reserved 1095680K
  class space    used 6507K, capacity 6906K, committed 7040K, reserved 1048576K
}
Event: 17.579 GC heap before
{Heap before GC invocations=23 (full 0):
 garbage-first heap   total 63488K, used 50596K [0x0000000080000000, 0x0000000100000000)
  region size 1024K, 14 young (14336K), 2 survivors (2048K)
 Metaspace       used 52867K, capacity 54032K, committed 54220K, reserved 1095680K
  class space    used 6709K, capacity 7132K, committed 7168K, reserved 1048576K
}
Event: 17.584 GC heap after
{Heap after GC invocations=24 (full 0):
 garbage-first heap   total 63488K, used 38560K [0x0000000080000000, 0x0000000100000000)
  region size 1024K, 2 young (2048K), 2 survivors (2048K)
 Metaspace       used 52867K, capacity 54032K, committed 54220K, reserved 1095680K
  class space    used 6709K, capacity 7132K, committed 7168K, reserved 1048576K
}
Event: 17.949 GC heap before
{Heap before GC invocations=25 (full 0):
 garbage-first heap   total 63488K, used 50848K [0x0000000080000000, 0x0000000100000000)
  region size 1024K, 14 young (14336K), 2 survivors (2048K)
 Metaspace       used 54880K, capacity 56115K, committed 56396K, reserved 1097728K
  class space    used 6996K, capacity 7442K, committed 7552K, reserved 1048576K
}
Event: 17.954 GC heap after
{Heap after GC invocations=26 (full 0):
 garbage-first heap   total 63488K, used 39228K [0x0000000080000000, 0x0000000100000000)
  region size 1024K, 2 young (2048K), 2 survivors (2048K)
 Metaspace       used 54880K, capacity 56115K, committed 56396K, reserved 1097728K
  class space    used 6996K, capacity 7442K, committed 7552K, reserved 1048576K
}
Event: 18.144 GC heap before
{Heap before GC invocations=26 (full 0):
 garbage-first heap   total 63488K, used 50492K [0x0000000080000000, 0x0000000100000000)
  region size 1024K, 14 young (14336K), 2 survivors (2048K)
 Metaspace       used 56043K, capacity 57382K, committed 57548K, reserved 1099776K
  class space    used 7129K, capacity 7587K, committed 7680K, reserved 1048576K
}
Event: 18.151 GC heap after
{Heap after GC invocations=27 (full 0):
 garbage-first heap   total 63488K, used 40807K [0x0000000080000000, 0x0000000100000000)
  region size 1024K, 2 young (2048K), 2 survivors (2048K)
 Metaspace       used 56043K, capacity 57382K, committed 57548K, reserved 1099776K
  class space    used 7129K, capacity 7587K, committed 7680K, reserved 1048576K
}
Event: 18.411 GC heap before
{Heap before GC invocations=28 (full 0):
 garbage-first heap   total 63488K, used 52071K [0x0000000080000000, 0x0000000100000000)
  region size 1024K, 13 young (13312K), 2 survivors (2048K)
 Metaspace       used 57203K, capacity 58596K, committed 58700K, reserved 1099776K
  class space    used 7281K, capacity 7751K, committed 7808K, reserved 1048576K
}
Event: 18.434 GC heap after
{Heap after GC invocations=29 (full 0):
 garbage-first heap   total 76800K, used 41794K [0x0000000080000000, 0x0000000100000000)
  region size 1024K, 1 young (1024K), 1 survivors (1024K)
 Metaspace       used 57203K, capacity 58596K, committed 58700K, reserved 1099776K
  class space    used 7281K, capacity 7751K, committed 7808K, reserved 1048576K
}
Event: 18.794 GC heap before
{Heap before GC invocations=29 (full 0):
 garbage-first heap   total 76800K, used 51010K [0x0000000080000000, 0x0000000100000000)
  region size 1024K, 11 young (11264K), 1 survivors (1024K)
 Metaspace       used 58197K, capacity 59664K, committed 59852K, reserved 1101824K
  class space    used 7389K, capacity 7891K, committed 7936K, reserved 1048576K
}
Event: 18.801 GC heap after
{Heap after GC invocations=30 (full 0):
 garbage-first heap   total 76800K, used 42623K [0x0000000080000000, 0x0000000100000000)
  region size 1024K, 2 young (2048K), 2 survivors (2048K)
 Metaspace       used 58197K, capacity 59664K, committed 59852K, reserved 1101824K
  class space    used 7389K, capacity 7891K, committed 7936K, reserved 1048576K
}
Event: 20.125 GC heap before
{Heap before GC invocations=31 (full 0):
 garbage-first heap   total 76800K, used 57983K [0x0000000080000000, 0x0000000100000000)
  region size 1024K, 16 young (16384K), 2 survivors (2048K)
 Metaspace       used 59244K, capacity 60640K, committed 60748K, reserved 1101824K
  class space    used 7529K, capacity 7996K, committed 8064K, reserved 1048576K
}
Event: 20.133 GC heap after
{Heap after GC invocations=32 (full 0):
 garbage-first heap   total 76800K, used 43319K [0x0000000080000000, 0x0000000100000000)
  region size 1024K, 2 young (2048K), 2 survivors (2048K)
 Metaspace       used 59244K, capacity 60640K, committed 60748K, reserved 1101824K
  class space    used 7529K, capacity 7996K, committed 8064K, reserved 1048576K
}
Event: 20.441 GC heap before
{Heap before GC invocations=32 (full 0):
 garbage-first heap   total 76800K, used 57655K [0x0000000080000000, 0x0000000100000000)
  region size 1024K, 16 young (16384K), 2 survivors (2048K)
 Metaspace       used 59314K, capacity 60744K, committed 61004K, reserved 1101824K
  class space    used 7538K, capacity 8032K, committed 8064K, reserved 1048576K
}
Event: 20.449 GC heap after
{Heap after GC invocations=33 (full 0):
 garbage-first heap   total 76800K, used 45120K [0x0000000080000000, 0x0000000100000000)
  region size 1024K, 2 young (2048K), 2 survivors (2048K)
 Metaspace       used 59314K, capacity 60744K, committed 61004K, reserved 1101824K
  class space    used 7538K, capacity 8032K, committed 8064K, reserved 1048576K
}
Event: 21.102 GC heap before
{Heap before GC invocations=34 (full 0):
 garbage-first heap   total 76800K, used 59456K [0x0000000080000000, 0x0000000100000000)
  region size 1024K, 16 young (16384K), 2 survivors (2048K)
 Metaspace       used 61059K, capacity 62543K, committed 62796K, reserved 1103872K
  class space    used 7769K, capacity 8290K, committed 8320K, reserved 1048576K
}

