# JRE version: OpenJDK Runtime Environment (11.0.8+10) (build 11.0.8+10-b944.6842174)
# Java VM: OpenJDK 64-Bit Server VM (11.0.8+10-b944.6842174, mixed mode, tiered, compressed oops, g1 gc, windows-amd64)
Heap:
 garbage-first heap   total 343040K, used 169120K [0x0000000080000000, 0x0000000100000000)
  region size 1024K, 8 young (8192K), 4 survivors (4096K)
 Metaspace       used 112264K, capacity 115617K, committed 115788K, reserved 1150976K
  class space    used 13878K, capacity 15098K, committed 15180K, reserved 1048576K
GC Heap History (20 events):
Event: 1450.896 GC heap before
{Heap before GC invocations=167 (full 0):
 garbage-first heap   total 343040K, used 196262K [0x0000000080000000, 0x0000000100000000)
  region size 1024K, 44 young (45056K), 2 survivors (2048K)
 Metaspace       used 111932K, capacity 115323K, committed 115532K, reserved 1148928K
  class space    used 13874K, capacity 15092K, committed 15180K, reserved 1048576K
}
Event: 1451.012 GC heap after
{Heap after GC invocations=168 (full 0):
 garbage-first heap   total 343040K, used 156865K [0x0000000080000000, 0x0000000100000000)
  region size 1024K, 4 young (4096K), 4 survivors (4096K)
 Metaspace       used 111932K, capacity 115323K, committed 115532K, reserved 1148928K
  class space    used 13874K, capacity 15092K, committed 15180K, reserved 1048576K
}
Event: 1455.773 GC heap before
{Heap before GC invocations=169 (full 0):
 garbage-first heap   total 343040K, used 186561K [0x0000000080000000, 0x0000000100000000)
  region size 1024K, 80 young (81920K), 4 survivors (4096K)
 Metaspace       used 112133K, capacity 115532K, committed 115788K, reserved 1150976K
  class space    used 13876K, capacity 15095K, committed 15180K, reserved 1048576K
}
Event: 1455.859 GC heap after
{Heap after GC invocations=170 (full 0):
 garbage-first heap   total 343040K, used 115438K [0x0000000080000000, 0x0000000100000000)
  region size 1024K, 9 young (9216K), 9 survivors (9216K)
 Metaspace       used 112133K, capacity 115532K, committed 115788K, reserved 1150976K
  class space    used 13876K, capacity 15095K, committed 15180K, reserved 1048576K
}
Event: 1455.998 GC heap before
{Heap before GC invocations=170 (full 0):
 garbage-first heap   total 343040K, used 121582K [0x0000000080000000, 0x0000000100000000)
  region size 1024K, 16 young (16384K), 9 survivors (9216K)
 Metaspace       used 112136K, capacity 115532K, committed 115788K, reserved 1150976K
  class space    used 13876K, capacity 15095K, committed 15180K, reserved 1048576K
}
Event: 1456.034 GC heap after
{Heap after GC invocations=171 (full 0):
 garbage-first heap   total 343040K, used 99242K [0x0000000080000000, 0x0000000100000000)
  region size 1024K, 1 young (1024K), 1 survivors (1024K)
 Metaspace       used 112136K, capacity 115532K, committed 115788K, reserved 1150976K
  class space    used 13876K, capacity 15095K, committed 15180K, reserved 1048576K
}
Event: 1456.273 GC heap before
{Heap before GC invocations=171 (full 0):
 garbage-first heap   total 343040K, used 113578K [0x0000000080000000, 0x0000000100000000)
  region size 1024K, 16 young (16384K), 1 survivors (1024K)
 Metaspace       used 112141K, capacity 115539K, committed 115788K, reserved 1150976K
  class space    used 13876K, capacity 15096K, committed 15180K, reserved 1048576K
}
Event: 1456.304 GC heap after
{Heap after GC invocations=172 (full 0):
 garbage-first heap   total 343040K, used 91336K [0x0000000080000000, 0x0000000100000000)
  region size 1024K, 1 young (1024K), 1 survivors (1024K)
 Metaspace       used 112141K, capacity 115539K, committed 115788K, reserved 1150976K
  class space    used 13876K, capacity 15096K, committed 15180K, reserved 1048576K
}
Event: 1456.573 GC heap before
{Heap before GC invocations=172 (full 0):
 garbage-first heap   total 343040K, used 121032K [0x0000000080000000, 0x0000000100000000)
  region size 1024K, 16 young (16384K), 1 survivors (1024K)
 Metaspace       used 112142K, capacity 115539K, committed 115788K, reserved 1150976K
  class space    used 13876K, capacity 15096K, committed 15180K, reserved 1048576K
}
Event: 1456.636 GC heap after
{Heap after GC invocations=173 (full 0):
 garbage-first heap   total 343040K, used 104893K [0x0000000080000000, 0x0000000100000000)
  region size 1024K, 2 young (2048K), 2 survivors (2048K)
 Metaspace       used 112142K, capacity 115539K, committed 115788K, reserved 1150976K
  class space    used 13876K, capacity 15096K, committed 15180K, reserved 1048576K
}
Event: 1456.970 GC heap before
{Heap before GC invocations=173 (full 0):
 garbage-first heap   total 343040K, used 134589K [0x0000000080000000, 0x0000000100000000)
  region size 1024K, 32 young (32768K), 2 survivors (2048K)
 Metaspace       used 112143K, capacity 115539K, committed 115788K, reserved 1150976K
  class space    used 13876K, capacity 15096K, committed 15180K, reserved 1048576K
}
Event: 1457.107 GC heap after
{Heap after GC invocations=174 (full 0):
 garbage-first heap   total 343040K, used 120832K [0x0000000080000000, 0x0000000100000000)
  region size 1024K, 4 young (4096K), 4 survivors (4096K)
 Metaspace       used 112143K, capacity 115539K, committed 115788K, reserved 1150976K
  class space    used 13876K, capacity 15096K, committed 15180K, reserved 1048576K
}
Event: 1457.734 GC heap before
{Heap before GC invocations=174 (full 0):
 garbage-first heap   total 343040K, used 173056K [0x0000000080000000, 0x0000000100000000)
  region size 1024K, 56 young (57344K), 4 survivors (4096K)
 Metaspace       used 112146K, capacity 115539K, committed 115788K, reserved 1150976K
  class space    used 13876K, capacity 15096K, committed 15180K, reserved 1048576K
}
Event: 1457.857 GC heap after
{Heap after GC invocations=175 (full 0):
 garbage-first heap   total 343040K, used 145405K [0x0000000080000000, 0x0000000100000000)
  region size 1024K, 7 young (7168K), 7 survivors (7168K)
 Metaspace       used 112146K, capacity 115539K, committed 115788K, reserved 1150976K
  class space    used 13876K, capacity 15096K, committed 15180K, reserved 1048576K
}
Event: 1458.488 GC heap before
{Heap before GC invocations=175 (full 0):
 garbage-first heap   total 343040K, used 173053K [0x0000000080000000, 0x0000000100000000)
  region size 1024K, 29 young (29696K), 7 survivors (7168K)
 Metaspace       used 112147K, capacity 115539K, committed 115788K, reserved 1150976K
  class space    used 13876K, capacity 15096K, committed 15180K, reserved 1048576K
}
Event: 1458.559 GC heap after
{Heap after GC invocations=176 (full 0):
 garbage-first heap   total 343040K, used 158464K [0x0000000080000000, 0x0000000100000000)
  region size 1024K, 4 young (4096K), 4 survivors (4096K)
 Metaspace       used 112147K, capacity 115539K, committed 115788K, reserved 1150976K
  class space    used 13876K, capacity 15096K, committed 15180K, reserved 1048576K
}
Event: 1459.889 GC heap before
{Heap before GC invocations=176 (full 0):
 garbage-first heap   total 343040K, used 230144K [0x0000000080000000, 0x0000000100000000)
  region size 1024K, 68 young (69632K), 4 survivors (4096K)
 Metaspace       used 112147K, capacity 115539K, committed 115788K, reserved 1150976K
  class space    used 13876K, capacity 15096K, committed 15180K, reserved 1048576K
}
Event: 1459.994 GC heap after
{Heap after GC invocations=177 (full 0):
 garbage-first heap   total 343040K, used 173312K [0x0000000080000000, 0x0000000100000000)
  region size 1024K, 9 young (9216K), 9 survivors (9216K)
 Metaspace       used 112147K, capacity 115539K, committed 115788K, reserved 1150976K
  class space    used 13876K, capacity 15096K, committed 15180K, reserved 1048576K
}
Event: 1503.997 GC heap before
{Heap before GC invocations=178 (full 0):
 garbage-first heap   total 343040K, used 251136K [0x0000000080000000, 0x0000000100000000)
  region size 1024K, 70 young (71680K), 9 survivors (9216K)
 Metaspace       used 112264K, capacity 115617K, committed 115788K, reserved 1150976K
  class space    used 13878K, capacity 15098K, committed 15180K, reserved 1048576K
}
Event: 1504.359 GC heap after
{Heap after GC invocations=179 (full 0):
 garbage-first heap   total 343040K, used 166048K [0x0000000080000000, 0x0000000100000000)
  region size 1024K, 4 young (4096K), 4 survivors (4096K)
 Metaspace       used 112264K, capacity 115617K, committed 115788K, reserved 1150976K
  class space    used 13878K, capacity 15098K, committed 15180K, reserved 1048576K
}

